[ 2017-09-08T16:08:30+08:00 ] 127.0.0.1 /admin.php
INFO: [ app_begin ] --START--
INFO: ReadHtmlCache Behavior ::run [ RunTime:0.001000s ]
INFO: [ app_begin ] --END-- [ RunTime:0.001000s ]
INFO: [ view_parse ] --START--
NOTIC: [2] preg_replace(): The /e modifier is no longer supported, use preg_replace_callback instead C:\xampp\htdocs\first\ThinkPHP\Lib\Template\ThinkTemplate.class.php 第 273 行.
NOTIC: [2] preg_replace(): The /e modifier is no longer supported, use preg_replace_callback instead C:\xampp\htdocs\first\ThinkPHP\Lib\Template\ThinkTemplate.class.php 第 168 行.
NOTIC: [2] preg_replace(): The /e modifier is no longer supported, use preg_replace_callback instead C:\xampp\htdocs\first\ThinkPHP\Lib\Template\ThinkTemplate.class.php 第 404 行.
NOTIC: [2] preg_replace(): The /e modifier is no longer supported, use preg_replace_callback instead C:\xampp\htdocs\first\ThinkPHP\Lib\Template\ThinkTemplate.class.php 第 404 行.
NOTIC: [2] preg_replace(): The /e modifier is no longer supported, use preg_replace_callback instead C:\xampp\htdocs\first\ThinkPHP\Lib\Template\ThinkTemplate.class.php 第 404 行.
NOTIC: [2] preg_replace(): The /e modifier is no longer supported, use preg_replace_callback instead C:\xampp\htdocs\first\ThinkPHP\Lib\Template\ThinkTemplate.class.php 第 404 行.
NOTIC: [2] preg_replace(): The /e modifier is no longer supported, use preg_replace_callback instead C:\xampp\htdocs\first\ThinkPHP\Lib\Template\ThinkTemplate.class.php 第 404 行.
NOTIC: [2] preg_replace(): The /e modifier is no longer supported, use preg_replace_callback instead C:\xampp\htdocs\first\ThinkPHP\Lib\Template\ThinkTemplate.class.php 第 404 行.
NOTIC: [2] preg_replace(): The /e modifier is no longer supported, use preg_replace_callback instead C:\xampp\htdocs\first\ThinkPHP\Lib\Template\ThinkTemplate.class.php 第 404 行.
NOTIC: [2] preg_replace(): The /e modifier is no longer supported, use preg_replace_callback instead C:\xampp\htdocs\first\ThinkPHP\Lib\Template\ThinkTemplate.class.php 第 404 行.
NOTIC: [2] preg_replace(): The /e modifier is no longer supported, use preg_replace_callback instead C:\xampp\htdocs\first\ThinkPHP\Lib\Template\ThinkTemplate.class.php 第 404 行.
NOTIC: [2] preg_replace(): The /e modifier is no longer supported, use preg_replace_callback instead C:\xampp\htdocs\first\ThinkPHP\Lib\Template\ThinkTemplate.class.php 第 404 行.
NOTIC: [2] preg_replace(): The /e modifier is no longer supported, use preg_replace_callback instead C:\xampp\htdocs\first\ThinkPHP\Lib\Template\ThinkTemplate.class.php 第 404 行.
NOTIC: [2] preg_replace(): The /e modifier is no longer supported, use preg_replace_callback instead C:\xampp\htdocs\first\ThinkPHP\Lib\Template\ThinkTemplate.class.php 第 404 行.
NOTIC: [2] preg_replace(): The /e modifier is no longer supported, use preg_replace_callback instead C:\xampp\htdocs\first\ThinkPHP\Lib\Template\ThinkTemplate.class.php 第 399 行.
NOTIC: [2] preg_replace(): The /e modifier is no longer supported, use preg_replace_callback instead C:\xampp\htdocs\first\ThinkPHP\Lib\Template\ThinkTemplate.class.php 第 399 行.
NOTIC: [2] preg_replace(): The /e modifier is no longer supported, use preg_replace_callback instead C:\xampp\htdocs\first\ThinkPHP\Lib\Template\ThinkTemplate.class.php 第 404 行.
NOTIC: [2] preg_replace(): The /e modifier is no longer supported, use preg_replace_callback instead C:\xampp\htdocs\first\ThinkPHP\Lib\Template\ThinkTemplate.class.php 第 404 行.
NOTIC: [2] preg_replace(): The /e modifier is no longer supported, use preg_replace_callback instead C:\xampp\htdocs\first\ThinkPHP\Lib\Template\ThinkTemplate.class.php 第 404 行.
NOTIC: [2] preg_replace(): The /e modifier is no longer supported, use preg_replace_callback instead C:\xampp\htdocs\first\ThinkPHP\Lib\Template\ThinkTemplate.class.php 第 399 行.
NOTIC: [2] preg_replace(): The /e modifier is no longer supported, use preg_replace_callback instead C:\xampp\htdocs\first\ThinkPHP\Lib\Template\ThinkTemplate.class.php 第 404 行.
NOTIC: [2] preg_replace(): The /e modifier is no longer supported, use preg_replace_callback instead C:\xampp\htdocs\first\ThinkPHP\Lib\Template\ThinkTemplate.class.php 第 404 行.
NOTIC: [2] preg_replace(): The /e modifier is no longer supported, use preg_replace_callback instead C:\xampp\htdocs\first\ThinkPHP\Lib\Template\ThinkTemplate.class.php 第 404 行.
NOTIC: [2] preg_replace(): The /e modifier is no longer supported, use preg_replace_callback instead C:\xampp\htdocs\first\ThinkPHP\Lib\Template\ThinkTemplate.class.php 第 404 行.
NOTIC: [2] preg_replace(): The /e modifier is no longer supported, use preg_replace_callback instead C:\xampp\htdocs\first\ThinkPHP\Lib\Template\ThinkTemplate.class.php 第 404 行.
NOTIC: [2] preg_replace(): The /e modifier is no longer supported, use preg_replace_callback instead C:\xampp\htdocs\first\ThinkPHP\Lib\Template\ThinkTemplate.class.php 第 404 行.
NOTIC: [2] preg_replace(): The /e modifier is no longer supported, use preg_replace_callback instead C:\xampp\htdocs\first\ThinkPHP\Lib\Template\ThinkTemplate.class.php 第 404 行.
NOTIC: [2] preg_replace(): The /e modifier is no longer supported, use preg_replace_callback instead C:\xampp\htdocs\first\ThinkPHP\Lib\Template\ThinkTemplate.class.php 第 404 行.
NOTIC: [2] preg_replace(): The /e modifier is no longer supported, use preg_replace_callback instead C:\xampp\htdocs\first\ThinkPHP\Lib\Template\ThinkTemplate.class.php 第 404 行.
NOTIC: [2] preg_replace(): The /e modifier is no longer supported, use preg_replace_callback instead C:\xampp\htdocs\first\ThinkPHP\Lib\Template\ThinkTemplate.class.php 第 404 行.
NOTIC: [2] preg_replace(): The /e modifier is no longer supported, use preg_replace_callback instead C:\xampp\htdocs\first\ThinkPHP\Lib\Template\ThinkTemplate.class.php 第 404 行.
NOTIC: [2] preg_replace(): The /e modifier is no longer supported, use preg_replace_callback instead C:\xampp\htdocs\first\ThinkPHP\Lib\Template\ThinkTemplate.class.php 第 404 行.
NOTIC: [2] preg_replace(): The /e modifier is no longer supported, use preg_replace_callback instead C:\xampp\htdocs\first\ThinkPHP\Lib\Template\ThinkTemplate.class.php 第 404 行.
NOTIC: [2] preg_replace(): The /e modifier is no longer supported, use preg_replace_callback instead C:\xampp\htdocs\first\ThinkPHP\Lib\Template\ThinkTemplate.class.php 第 404 行.
NOTIC: [2] preg_replace(): The /e modifier is no longer supported, use preg_replace_callback instead C:\xampp\htdocs\first\ThinkPHP\Lib\Template\ThinkTemplate.class.php 第 404 行.
NOTIC: [2] preg_replace(): The /e modifier is no longer supported, use preg_replace_callback instead C:\xampp\htdocs\first\ThinkPHP\Lib\Template\ThinkTemplate.class.php 第 404 行.
NOTIC: [2] preg_replace(): The /e modifier is no longer supported, use preg_replace_callback instead C:\xampp\htdocs\first\ThinkPHP\Lib\Template\ThinkTemplate.class.php 第 404 行.
NOTIC: [2] preg_replace(): The /e modifier is no longer supported, use preg_replace_callback instead C:\xampp\htdocs\first\ThinkPHP\Lib\Template\ThinkTemplate.class.php 第 404 行.
NOTIC: [2] preg_replace(): The /e modifier is no longer supported, use preg_replace_callback instead C:\xampp\htdocs\first\ThinkPHP\Lib\Template\ThinkTemplate.class.php 第 404 行.
NOTIC: [2] preg_replace(): The /e modifier is no longer supported, use preg_replace_callback instead C:\xampp\htdocs\first\ThinkPHP\Lib\Template\ThinkTemplate.class.php 第 404 行.
NOTIC: [2] preg_replace(): The /e modifier is no longer supported, use preg_replace_callback instead C:\xampp\htdocs\first\ThinkPHP\Lib\Template\ThinkTemplate.class.php 第 404 行.
NOTIC: [2] preg_replace(): The /e modifier is no longer supported, use preg_replace_callback instead C:\xampp\htdocs\first\ThinkPHP\Lib\Template\ThinkTemplate.class.php 第 404 行.
NOTIC: [2] preg_replace(): The /e modifier is no longer supported, use preg_replace_callback instead C:\xampp\htdocs\first\ThinkPHP\Lib\Template\ThinkTemplate.class.php 第 404 行.
NOTIC: [2] preg_replace(): The /e modifier is no longer supported, use preg_replace_callback instead C:\xampp\htdocs\first\ThinkPHP\Lib\Template\ThinkTemplate.class.php 第 404 行.
NOTIC: [2] preg_replace(): The /e modifier is no longer supported, use preg_replace_callback instead C:\xampp\htdocs\first\ThinkPHP\Lib\Template\ThinkTemplate.class.php 第 404 行.
NOTIC: [2] preg_replace(): The /e modifier is no longer supported, use preg_replace_callback instead C:\xampp\htdocs\first\ThinkPHP\Lib\Template\ThinkTemplate.class.php 第 404 行.
NOTIC: [2] preg_replace(): The /e modifier is no longer supported, use preg_replace_callback instead C:\xampp\htdocs\first\ThinkPHP\Lib\Template\ThinkTemplate.class.php 第 404 行.
NOTIC: [2] preg_replace(): The /e modifier is no longer supported, use preg_replace_callback instead C:\xampp\htdocs\first\ThinkPHP\Lib\Template\ThinkTemplate.class.php 第 404 行.
NOTIC: [2] preg_replace(): The /e modifier is no longer supported, use preg_replace_callback instead C:\xampp\htdocs\first\ThinkPHP\Lib\Template\ThinkTemplate.class.php 第 404 行.
NOTIC: [2] preg_replace(): The /e modifier is no longer supported, use preg_replace_callback instead C:\xampp\htdocs\first\ThinkPHP\Lib\Template\ThinkTemplate.class.php 第 404 行.
NOTIC: [2] preg_replace(): The /e modifier is no longer supported, use preg_replace_callback instead C:\xampp\htdocs\first\ThinkPHP\Lib\Template\ThinkTemplate.class.php 第 404 行.
NOTIC: [2] preg_replace(): The /e modifier is no longer supported, use preg_replace_callback instead C:\xampp\htdocs\first\ThinkPHP\Lib\Template\ThinkTemplate.class.php 第 404 行.
NOTIC: [2] preg_replace(): The /e modifier is no longer supported, use preg_replace_callback instead C:\xampp\htdocs\first\ThinkPHP\Lib\Template\ThinkTemplate.class.php 第 404 行.
NOTIC: [2] preg_replace(): The /e modifier is no longer supported, use preg_replace_callback instead C:\xampp\htdocs\first\ThinkPHP\Lib\Template\ThinkTemplate.class.php 第 404 行.
NOTIC: [2] preg_replace(): The /e modifier is no longer supported, use preg_replace_callback instead C:\xampp\htdocs\first\ThinkPHP\Lib\Template\ThinkTemplate.class.php 第 404 行.
NOTIC: [2] preg_replace(): The /e modifier is no longer supported, use preg_replace_callback instead C:\xampp\htdocs\first\ThinkPHP\Lib\Template\ThinkTemplate.class.php 第 404 行.
NOTIC: [2] preg_replace(): The /e modifier is no longer supported, use preg_replace_callback instead C:\xampp\htdocs\first\ThinkPHP\Lib\Template\ThinkTemplate.class.php 第 404 行.
NOTIC: [2] preg_replace(): The /e modifier is no longer supported, use preg_replace_callback instead C:\xampp\htdocs\first\ThinkPHP\Lib\Template\ThinkTemplate.class.php 第 404 行.
NOTIC: [2] preg_replace(): The /e modifier is no longer supported, use preg_replace_callback instead C:\xampp\htdocs\first\ThinkPHP\Lib\Template\ThinkTemplate.class.php 第 404 行.
NOTIC: [2] preg_replace(): The /e modifier is no longer supported, use preg_replace_callback instead C:\xampp\htdocs\first\ThinkPHP\Lib\Template\ThinkTemplate.class.php 第 404 行.
NOTIC: [2] preg_replace(): The /e modifier is no longer supported, use preg_replace_callback instead C:\xampp\htdocs\first\ThinkPHP\Lib\Template\ThinkTemplate.class.php 第 404 行.
NOTIC: [2] preg_replace(): The /e modifier is no longer supported, use preg_replace_callback instead C:\xampp\htdocs\first\ThinkPHP\Lib\Template\ThinkTemplate.class.php 第 404 行.
NOTIC: [2] preg_replace(): The /e modifier is no longer supported, use preg_replace_callback instead C:\xampp\htdocs\first\ThinkPHP\Lib\Template\ThinkTemplate.class.php 第 404 行.
NOTIC: [2] preg_replace(): The /e modifier is no longer supported, use preg_replace_callback instead C:\xampp\htdocs\first\ThinkPHP\Lib\Template\ThinkTemplate.class.php 第 404 行.
NOTIC: [2] preg_replace(): The /e modifier is no longer supported, use preg_replace_callback instead C:\xampp\htdocs\first\ThinkPHP\Lib\Template\ThinkTemplate.class.php 第 404 行.
NOTIC: [2] preg_replace(): The /e modifier is no longer supported, use preg_replace_callback instead C:\xampp\htdocs\first\ThinkPHP\Lib\Template\ThinkTemplate.class.php 第 404 行.
NOTIC: [2] preg_replace(): The /e modifier is no longer supported, use preg_replace_callback instead C:\xampp\htdocs\first\ThinkPHP\Lib\Template\ThinkTemplate.class.php 第 404 行.
NOTIC: [2] preg_replace(): The /e modifier is no longer supported, use preg_replace_callback instead C:\xampp\htdocs\first\ThinkPHP\Lib\Template\ThinkTemplate.class.php 第 404 行.
NOTIC: [2] preg_replace(): The /e modifier is no longer supported, use preg_replace_callback instead C:\xampp\htdocs\first\ThinkPHP\Lib\Template\ThinkTemplate.class.php 第 404 行.
NOTIC: [2] preg_replace(): The /e modifier is no longer supported, use preg_replace_callback instead C:\xampp\htdocs\first\ThinkPHP\Lib\Template\ThinkTemplate.class.php 第 404 行.
NOTIC: [2] preg_replace(): The /e modifier is no longer supported, use preg_replace_callback instead C:\xampp\htdocs\first\ThinkPHP\Lib\Template\ThinkTemplate.class.php 第 404 行.
NOTIC: [2] preg_replace(): The /e modifier is no longer supported, use preg_replace_callback instead C:\xampp\htdocs\first\ThinkPHP\Lib\Template\ThinkTemplate.class.php 第 404 行.
NOTIC: [2] preg_replace(): The /e modifier is no longer supported, use preg_replace_callback instead C:\xampp\htdocs\first\ThinkPHP\Lib\Template\ThinkTemplate.class.php 第 404 行.
NOTIC: [2] preg_replace(): The /e modifier is no longer supported, use preg_replace_callback instead C:\xampp\htdocs\first\ThinkPHP\Lib\Template\ThinkTemplate.class.php 第 404 行.
NOTIC: [2] preg_replace(): The /e modifier is no longer supported, use preg_replace_callback instead C:\xampp\htdocs\first\ThinkPHP\Lib\Template\ThinkTemplate.class.php 第 404 行.
NOTIC: [2] preg_replace(): The /e modifier is no longer supported, use preg_replace_callback instead C:\xampp\htdocs\first\ThinkPHP\Lib\Template\ThinkTemplate.class.php 第 404 行.
NOTIC: [2] preg_replace(): The /e modifier is no longer supported, use preg_replace_callback instead C:\xampp\htdocs\first\ThinkPHP\Lib\Template\ThinkTemplate.class.php 第 404 行.
NOTIC: [2] preg_replace(): The /e modifier is no longer supported, use preg_replace_callback instead C:\xampp\htdocs\first\ThinkPHP\Lib\Template\ThinkTemplate.class.php 第 404 行.
NOTIC: [2] preg_replace(): The /e modifier is no longer supported, use preg_replace_callback instead C:\xampp\htdocs\first\ThinkPHP\Lib\Template\ThinkTemplate.class.php 第 404 行.
NOTIC: [2] preg_replace(): The /e modifier is no longer supported, use preg_replace_callback instead C:\xampp\htdocs\first\ThinkPHP\Lib\Template\ThinkTemplate.class.php 第 404 行.
NOTIC: [2] preg_replace(): The /e modifier is no longer supported, use preg_replace_callback instead C:\xampp\htdocs\first\ThinkPHP\Lib\Template\ThinkTemplate.class.php 第 404 行.
NOTIC: [2] preg_replace(): The /e modifier is no longer supported, use preg_replace_callback instead C:\xampp\htdocs\first\ThinkPHP\Lib\Template\ThinkTemplate.class.php 第 404 行.
NOTIC: [2] preg_replace(): The /e modifier is no longer supported, use preg_replace_callback instead C:\xampp\htdocs\first\ThinkPHP\Lib\Template\ThinkTemplate.class.php 第 404 行.
NOTIC: [2] preg_replace(): The /e modifier is no longer supported, use preg_replace_callback instead C:\xampp\htdocs\first\ThinkPHP\Lib\Template\ThinkTemplate.class.php 第 404 行.
NOTIC: [2] preg_replace(): The /e modifier is no longer supported, use preg_replace_callback instead C:\xampp\htdocs\first\ThinkPHP\Lib\Template\ThinkTemplate.class.php 第 404 行.
NOTIC: [2] preg_replace(): The /e modifier is no longer supported, use preg_replace_callback instead C:\xampp\htdocs\first\ThinkPHP\Lib\Template\ThinkTemplate.class.php 第 404 行.
NOTIC: [2] preg_replace(): The /e modifier is no longer supported, use preg_replace_callback instead C:\xampp\htdocs\first\ThinkPHP\Lib\Template\ThinkTemplate.class.php 第 399 行.
NOTIC: [2] preg_replace(): The /e modifier is no longer supported, use preg_replace_callback instead C:\xampp\htdocs\first\ThinkPHP\Lib\Template\ThinkTemplate.class.php 第 399 行.
NOTIC: [2] preg_replace(): The /e modifier is no longer supported, use preg_replace_callback instead C:\xampp\htdocs\first\ThinkPHP\Lib\Template\ThinkTemplate.class.php 第 399 行.
NOTIC: [2] preg_replace(): The /e modifier is no longer supported, use preg_replace_callback instead C:\xampp\htdocs\first\ThinkPHP\Lib\Template\ThinkTemplate.class.php 第 399 行.
NOTIC: [2] preg_replace(): The /e modifier is no longer supported, use preg_replace_callback instead C:\xampp\htdocs\first\ThinkPHP\Lib\Template\ThinkTemplate.class.php 第 399 行.
NOTIC: [2] preg_replace(): The /e modifier is no longer supported, use preg_replace_callback instead C:\xampp\htdocs\first\ThinkPHP\Lib\Template\ThinkTemplate.class.php 第 399 行.
NOTIC: [2] preg_replace(): The /e modifier is no longer supported, use preg_replace_callback instead C:\xampp\htdocs\first\ThinkPHP\Lib\Template\ThinkTemplate.class.php 第 404 行.
NOTIC: [2] preg_replace(): The /e modifier is no longer supported, use preg_replace_callback instead C:\xampp\htdocs\first\ThinkPHP\Lib\Template\ThinkTemplate.class.php 第 404 行.
NOTIC: [2] preg_replace(): The /e modifier is no longer supported, use preg_replace_callback instead C:\xampp\htdocs\first\ThinkPHP\Lib\Template\ThinkTemplate.class.php 第 404 行.
NOTIC: [2] preg_replace(): The /e modifier is no longer supported, use preg_replace_callback instead C:\xampp\htdocs\first\ThinkPHP\Lib\Template\ThinkTemplate.class.php 第 197 行.
NOTIC: [2] preg_replace(): The /e modifier is no longer supported, use preg_replace_callback instead C:\xampp\htdocs\first\ThinkPHP\Lib\Template\ThinkTemplate.class.php 第 137 行.
INFO: ParseTemplate Behavior ::run [ RunTime:0.011000s ]
INFO: [ view_parse ] --END-- [ RunTime:0.012000s ]
INFO: [ view_filter ] --START--
INFO: ContentReplace Behavior ::run [ RunTime:0.000000s ]
INFO: TokenBuild Behavior ::run [ RunTime:0.001001s ]
INFO: WriteHtmlCache Behavior ::run [ RunTime:0.000000s ]
INFO: ShowRuntime Behavior ::run [ RunTime:0.001000s ]
INFO: [ view_filter ] --END-- [ RunTime:0.002001s ]
INFO: [ view_end ] --START--
INFO: ShowPageTrace Behavior ::run [ RunTime:0.000000s ]
INFO: [ view_end ] --END-- [ RunTime:0.000000s ]

[ 2017-09-08T16:08:31+08:00 ] 127.0.0.1 /admin.php
INFO: [ app_begin ] --START--
INFO: ReadHtmlCache Behavior ::run [ RunTime:0.001000s ]
INFO: [ app_begin ] --END-- [ RunTime:0.001000s ]
INFO: [ view_parse ] --START--
NOTIC: [2] preg_replace(): The /e modifier is no longer supported, use preg_replace_callback instead C:\xampp\htdocs\first\ThinkPHP\Lib\Template\ThinkTemplate.class.php 第 273 行.
NOTIC: [2] preg_replace(): The /e modifier is no longer supported, use preg_replace_callback instead C:\xampp\htdocs\first\ThinkPHP\Lib\Template\ThinkTemplate.class.php 第 168 行.
NOTIC: [2] preg_replace(): The /e modifier is no longer supported, use preg_replace_callback instead C:\xampp\htdocs\first\ThinkPHP\Lib\Template\ThinkTemplate.class.php 第 404 行.
NOTIC: [2] preg_replace(): The /e modifier is no longer supported, use preg_replace_callback instead C:\xampp\htdocs\first\ThinkPHP\Lib\Template\ThinkTemplate.class.php 第 404 行.
NOTIC: [2] preg_replace(): The /e modifier is no longer supported, use preg_replace_callback instead C:\xampp\htdocs\first\ThinkPHP\Lib\Template\ThinkTemplate.class.php 第 404 行.
NOTIC: [2] preg_replace(): The /e modifier is no longer supported, use preg_replace_callback instead C:\xampp\htdocs\first\ThinkPHP\Lib\Template\ThinkTemplate.class.php 第 404 行.
NOTIC: [2] preg_replace(): The /e modifier is no longer supported, use preg_replace_callback instead C:\xampp\htdocs\first\ThinkPHP\Lib\Template\ThinkTemplate.class.php 第 404 行.
NOTIC: [2] preg_replace(): The /e modifier is no longer supported, use preg_replace_callback instead C:\xampp\htdocs\first\ThinkPHP\Lib\Template\ThinkTemplate.class.php 第 404 行.
NOTIC: [2] preg_replace(): The /e modifier is no longer supported, use preg_replace_callback instead C:\xampp\htdocs\first\ThinkPHP\Lib\Template\ThinkTemplate.class.php 第 404 行.
NOTIC: [2] preg_replace(): The /e modifier is no longer supported, use preg_replace_callback instead C:\xampp\htdocs\first\ThinkPHP\Lib\Template\ThinkTemplate.class.php 第 404 行.
NOTIC: [2] preg_replace(): The /e modifier is no longer supported, use preg_replace_callback instead C:\xampp\htdocs\first\ThinkPHP\Lib\Template\ThinkTemplate.class.php 第 404 行.
NOTIC: [2] preg_replace(): The /e modifier is no longer supported, use preg_replace_callback instead C:\xampp\htdocs\first\ThinkPHP\Lib\Template\ThinkTemplate.class.php 第 404 行.
NOTIC: [2] preg_replace(): The /e modifier is no longer supported, use preg_replace_callback instead C:\xampp\htdocs\first\ThinkPHP\Lib\Template\ThinkTemplate.class.php 第 404 行.
NOTIC: [2] preg_replace(): The /e modifier is no longer supported, use preg_replace_callback instead C:\xampp\htdocs\first\ThinkPHP\Lib\Template\ThinkTemplate.class.php 第 404 行.
NOTIC: [2] preg_replace(): The /e modifier is no longer supported, use preg_replace_callback instead C:\xampp\htdocs\first\ThinkPHP\Lib\Template\ThinkTemplate.class.php 第 399 行.
NOTIC: [2] preg_replace(): The /e modifier is no longer supported, use preg_replace_callback instead C:\xampp\htdocs\first\ThinkPHP\Lib\Template\ThinkTemplate.class.php 第 399 行.
NOTIC: [2] preg_replace(): The /e modifier is no longer supported, use preg_replace_callback instead C:\xampp\htdocs\first\ThinkPHP\Lib\Template\ThinkTemplate.class.php 第 404 行.
NOTIC: [2] preg_replace(): The /e modifier is no longer supported, use preg_replace_callback instead C:\xampp\htdocs\first\ThinkPHP\Lib\Template\ThinkTemplate.class.php 第 404 行.
NOTIC: [2] preg_replace(): The /e modifier is no longer supported, use preg_replace_callback instead C:\xampp\htdocs\first\ThinkPHP\Lib\Template\ThinkTemplate.class.php 第 404 行.
NOTIC: [2] preg_replace(): The /e modifier is no longer supported, use preg_replace_callback instead C:\xampp\htdocs\first\ThinkPHP\Lib\Template\ThinkTemplate.class.php 第 399 行.
NOTIC: [2] preg_replace(): The /e modifier is no longer supported, use preg_replace_callback instead C:\xampp\htdocs\first\ThinkPHP\Lib\Template\ThinkTemplate.class.php 第 404 行.
NOTIC: [2] preg_replace(): The /e modifier is no longer supported, use preg_replace_callback instead C:\xampp\htdocs\first\ThinkPHP\Lib\Template\ThinkTemplate.class.php 第 404 行.
NOTIC: [2] preg_replace(): The /e modifier is no longer supported, use preg_replace_callback instead C:\xampp\htdocs\first\ThinkPHP\Lib\Template\ThinkTemplate.class.php 第 404 行.
NOTIC: [2] preg_replace(): The /e modifier is no longer supported, use preg_replace_callback instead C:\xampp\htdocs\first\ThinkPHP\Lib\Template\ThinkTemplate.class.php 第 404 行.
NOTIC: [2] preg_replace(): The /e modifier is no longer supported, use preg_replace_callback instead C:\xampp\htdocs\first\ThinkPHP\Lib\Template\ThinkTemplate.class.php 第 404 行.
NOTIC: [2] preg_replace(): The /e modifier is no longer supported, use preg_replace_callback instead C:\xampp\htdocs\first\ThinkPHP\Lib\Template\ThinkTemplate.class.php 第 404 行.
NOTIC: [2] preg_replace(): The /e modifier is no longer supported, use preg_replace_callback instead C:\xampp\htdocs\first\ThinkPHP\Lib\Template\ThinkTemplate.class.php 第 404 行.
NOTIC: [2] preg_replace(): The /e modifier is no longer supported, use preg_replace_callback instead C:\xampp\htdocs\first\ThinkPHP\Lib\Template\ThinkTemplate.class.php 第 404 行.
NOTIC: [2] preg_replace(): The /e modifier is no longer supported, use preg_replace_callback instead C:\xampp\htdocs\first\ThinkPHP\Lib\Template\ThinkTemplate.class.php 第 404 行.
NOTIC: [2] preg_replace(): The /e modifier is no longer supported, use preg_replace_callback instead C:\xampp\htdocs\first\ThinkPHP\Lib\Template\ThinkTemplate.class.php 第 404 行.
NOTIC: [2] preg_replace(): The /e modifier is no longer supported, use preg_replace_callback instead C:\xampp\htdocs\first\ThinkPHP\Lib\Template\ThinkTemplate.class.php 第 404 行.
NOTIC: [2] preg_replace(): The /e modifier is no longer supported, use preg_replace_callback instead C:\xampp\htdocs\first\ThinkPHP\Lib\Template\ThinkTemplate.class.php 第 404 行.
NOTIC: [2] preg_replace(): The /e modifier is no longer supported, use preg_replace_callback instead C:\xampp\htdocs\first\ThinkPHP\Lib\Template\ThinkTemplate.class.php 第 404 行.
NOTIC: [2] preg_replace(): The /e modifier is no longer supported, use preg_replace_callback instead C:\xampp\htdocs\first\ThinkPHP\Lib\Template\ThinkTemplate.class.php 第 404 行.
NOTIC: [2] preg_replace(): The /e modifier is no longer supported, use preg_replace_callback instead C:\xampp\htdocs\first\ThinkPHP\Lib\Template\ThinkTemplate.class.php 第 404 行.
NOTIC: [2] preg_replace(): The /e modifier is no longer supported, use preg_replace_callback instead C:\xampp\htdocs\first\ThinkPHP\Lib\Template\ThinkTemplate.class.php 第 404 行.
NOTIC: [2] preg_replace(): The /e modifier is no longer supported, use preg_replace_callback instead C:\xampp\htdocs\first\ThinkPHP\Lib\Template\ThinkTemplate.class.php 第 404 行.
NOTIC: [2] preg_replace(): The /e modifier is no longer supported, use preg_replace_callback instead C:\xampp\htdocs\first\ThinkPHP\Lib\Template\ThinkTemplate.class.php 第 404 行.
NOTIC: [2] preg_replace(): The /e modifier is no longer supported, use preg_replace_callback instead C:\xampp\htdocs\first\ThinkPHP\Lib\Template\ThinkTemplate.class.php 第 404 行.
NOTIC: [2] preg_replace(): The /e modifier is no longer supported, use preg_replace_callback instead C:\xampp\htdocs\first\ThinkPHP\Lib\Template\ThinkTemplate.class.php 第 404 行.
NOTIC: [2] preg_replace(): The /e modifier is no longer supported, use preg_replace_callback instead C:\xampp\htdocs\first\ThinkPHP\Lib\Template\ThinkTemplate.class.php 第 404 行.
NOTIC: [2] preg_replace(): The /e modifier is no longer supported, use preg_replace_callback instead C:\xampp\htdocs\first\ThinkPHP\Lib\Template\ThinkTemplate.class.php 第 404 行.
NOTIC: [2] preg_replace(): The /e modifier is no longer supported, use preg_replace_callback instead C:\xampp\htdocs\first\ThinkPHP\Lib\Template\ThinkTemplate.class.php 第 404 行.
NOTIC: [2] preg_replace(): The /e modifier is no longer supported, use preg_replace_callback instead C:\xampp\htdocs\first\ThinkPHP\Lib\Template\ThinkTemplate.class.php 第 404 行.
NOTIC: [2] preg_replace(): The /e modifier is no longer supported, use preg_replace_callback instead C:\xampp\htdocs\first\ThinkPHP\Lib\Template\ThinkTemplate.class.php 第 404 行.
NOTIC: [2] preg_replace(): The /e modifier is no longer supported, use preg_replace_callback instead C:\xampp\htdocs\first\ThinkPHP\Lib\Template\ThinkTemplate.class.php 第 404 行.
NOTIC: [2] preg_replace(): The /e modifier is no longer supported, use preg_replace_callback instead C:\xampp\htdocs\first\ThinkPHP\Lib\Template\ThinkTemplate.class.php 第 404 行.
NOTIC: [2] preg_replace(): The /e modifier is no longer supported, use preg_replace_callback instead C:\xampp\htdocs\first\ThinkPHP\Lib\Template\ThinkTemplate.class.php 第 404 行.
NOTIC: [2] preg_replace(): The /e modifier is no longer supported, use preg_replace_callback instead C:\xampp\htdocs\first\ThinkPHP\Lib\Template\ThinkTemplate.class.php 第 404 行.
NOTIC: [2] preg_replace(): The /e modifier is no longer supported, use preg_replace_callback instead C:\xampp\htdocs\first\ThinkPHP\Lib\Template\ThinkTemplate.class.php 第 404 行.
NOTIC: [2] preg_replace(): The /e modifier is no longer supported, use preg_replace_callback instead C:\xampp\htdocs\first\ThinkPHP\Lib\Template\ThinkTemplate.class.php 第 404 行.
NOTIC: [2] preg_replace(): The /e modifier is no longer supported, use preg_replace_callback instead C:\xampp\htdocs\first\ThinkPHP\Lib\Template\ThinkTemplate.class.php 第 404 行.
NOTIC: [2] preg_replace(): The /e modifier is no longer supported, use preg_replace_callback instead C:\xampp\htdocs\first\ThinkPHP\Lib\Template\ThinkTemplate.class.php 第 404 行.
NOTIC: [2] preg_replace(): The /e modifier is no longer supported, use preg_replace_callback instead C:\xampp\htdocs\first\ThinkPHP\Lib\Template\ThinkTemplate.class.php 第 404 行.
NOTIC: [2] preg_replace(): The /e modifier is no longer supported, use preg_replace_callback instead C:\xampp\htdocs\first\ThinkPHP\Lib\Template\ThinkTemplate.class.php 第 404 行.
NOTIC: [2] preg_replace(): The /e modifier is no longer supported, use preg_replace_callback instead C:\xampp\htdocs\first\ThinkPHP\Lib\Template\ThinkTemplate.class.php 第 404 行.
NOTIC: [2] preg_replace(): The /e modifier is no longer supported, use preg_replace_callback instead C:\xampp\htdocs\first\ThinkPHP\Lib\Template\ThinkTemplate.class.php 第 404 行.
NOTIC: [2] preg_replace(): The /e modifier is no longer supported, use preg_replace_callback instead C:\xampp\htdocs\first\ThinkPHP\Lib\Template\ThinkTemplate.class.php 第 404 行.
NOTIC: [2] preg_replace(): The /e modifier is no longer supported, use preg_replace_callback instead C:\xampp\htdocs\first\ThinkPHP\Lib\Template\ThinkTemplate.class.php 第 404 行.
NOTIC: [2] preg_replace(): The /e modifier is no longer supported, use preg_replace_callback instead C:\xampp\htdocs\first\ThinkPHP\Lib\Template\ThinkTemplate.class.php 第 404 行.
NOTIC: [2] preg_replace(): The /e modifier is no longer supported, use preg_replace_callback instead C:\xampp\htdocs\first\ThinkPHP\Lib\Template\ThinkTemplate.class.php 第 404 行.
NOTIC: [2] preg_replace(): The /e modifier is no longer supported, use preg_replace_callback instead C:\xampp\htdocs\first\ThinkPHP\Lib\Template\ThinkTemplate.class.php 第 404 行.
NOTIC: [2] preg_replace(): The /e modifier is no longer supported, use preg_replace_callback instead C:\xampp\htdocs\first\ThinkPHP\Lib\Template\ThinkTemplate.class.php 第 404 行.
NOTIC: [2] preg_replace(): The /e modifier is no longer supported, use preg_replace_callback instead C:\xampp\htdocs\first\ThinkPHP\Lib\Template\ThinkTemplate.class.php 第 404 行.
NOTIC: [2] preg_replace(): The /e modifier is no longer supported, use preg_replace_callback instead C:\xampp\htdocs\first\ThinkPHP\Lib\Template\ThinkTemplate.class.php 第 404 行.
NOTIC: [2] preg_replace(): The /e modifier is no longer supported, use preg_replace_callback instead C:\xampp\htdocs\first\ThinkPHP\Lib\Template\ThinkTemplate.class.php 第 404 行.
NOTIC: [2] preg_replace(): The /e modifier is no longer supported, use preg_replace_callback instead C:\xampp\htdocs\first\ThinkPHP\Lib\Template\ThinkTemplate.class.php 第 404 行.
NOTIC: [2] preg_replace(): The /e modifier is no longer supported, use preg_replace_callback instead C:\xampp\htdocs\first\ThinkPHP\Lib\Template\ThinkTemplate.class.php 第 404 行.
NOTIC: [2] preg_replace(): The /e modifier is no longer supported, use preg_replace_callback instead C:\xampp\htdocs\first\ThinkPHP\Lib\Template\ThinkTemplate.class.php 第 404 行.
NOTIC: [2] preg_replace(): The /e modifier is no longer supported, use preg_replace_callback instead C:\xampp\htdocs\first\ThinkPHP\Lib\Template\ThinkTemplate.class.php 第 404 行.
NOTIC: [2] preg_replace(): The /e modifier is no longer supported, use preg_replace_callback instead C:\xampp\htdocs\first\ThinkPHP\Lib\Template\ThinkTemplate.class.php 第 404 行.
NOTIC: [2] preg_replace(): The /e modifier is no longer supported, use preg_replace_callback instead C:\xampp\htdocs\first\ThinkPHP\Lib\Template\ThinkTemplate.class.php 第 404 行.
NOTIC: [2] preg_replace(): The /e modifier is no longer supported, use preg_replace_callback instead C:\xampp\htdocs\first\ThinkPHP\Lib\Template\ThinkTemplate.class.php 第 404 行.
NOTIC: [2] preg_replace(): The /e modifier is no longer supported, use preg_replace_callback instead C:\xampp\htdocs\first\ThinkPHP\Lib\Template\ThinkTemplate.class.php 第 404 行.
NOTIC: [2] preg_replace(): The /e modifier is no longer supported, use preg_replace_callback instead C:\xampp\htdocs\first\ThinkPHP\Lib\Template\ThinkTemplate.class.php 第 404 行.
NOTIC: [2] preg_replace(): The /e modifier is no longer supported, use preg_replace_callback instead C:\xampp\htdocs\first\ThinkPHP\Lib\Template\ThinkTemplate.class.php 第 404 行.
NOTIC: [2] preg_replace(): The /e modifier is no longer supported, use preg_replace_callback instead C:\xampp\htdocs\first\ThinkPHP\Lib\Template\ThinkTemplate.class.php 第 404 行.
NOTIC: [2] preg_replace(): The /e modifier is no longer supported, use preg_replace_callback instead C:\xampp\htdocs\first\ThinkPHP\Lib\Template\ThinkTemplate.class.php 第 404 行.
NOTIC: [2] preg_replace(): The /e modifier is no longer supported, use preg_replace_callback instead C:\xampp\htdocs\first\ThinkPHP\Lib\Template\ThinkTemplate.class.php 第 404 行.
NOTIC: [2] preg_replace(): The /e modifier is no longer supported, use preg_replace_callback instead C:\xampp\htdocs\first\ThinkPHP\Lib\Template\ThinkTemplate.class.php 第 404 行.
NOTIC: [2] preg_replace(): The /e modifier is no longer supported, use preg_replace_callback instead C:\xampp\htdocs\first\ThinkPHP\Lib\Template\ThinkTemplate.class.php 第 404 行.
NOTIC: [2] preg_replace(): The /e modifier is no longer supported, use preg_replace_callback instead C:\xampp\htdocs\first\ThinkPHP\Lib\Template\ThinkTemplate.class.php 第 404 行.
NOTIC: [2] preg_replace(): The /e modifier is no longer supported, use preg_replace_callback instead C:\xampp\htdocs\first\ThinkPHP\Lib\Template\ThinkTemplate.class.php 第 404 行.
NOTIC: [2] preg_replace(): The /e modifier is no longer supported, use preg_replace_callback instead C:\xampp\htdocs\first\ThinkPHP\Lib\Template\ThinkTemplate.class.php 第 404 行.
NOTIC: [2] preg_replace(): The /e modifier is no longer supported, use preg_replace_callback instead C:\xampp\htdocs\first\ThinkPHP\Lib\Template\ThinkTemplate.class.php 第 404 行.
NOTIC: [2] preg_replace(): The /e modifier is no longer supported, use preg_replace_callback instead C:\xampp\htdocs\first\ThinkPHP\Lib\Template\ThinkTemplate.class.php 第 404 行.
NOTIC: [2] preg_replace(): The /e modifier is no longer supported, use preg_replace_callback instead C:\xampp\htdocs\first\ThinkPHP\Lib\Template\ThinkTemplate.class.php 第 399 行.
NOTIC: [2] preg_replace(): The /e modifier is no longer supported, use preg_replace_callback instead C:\xampp\htdocs\first\ThinkPHP\Lib\Template\ThinkTemplate.class.php 第 399 行.
NOTIC: [2] preg_replace(): The /e modifier is no longer supported, use preg_replace_callback instead C:\xampp\htdocs\first\ThinkPHP\Lib\Template\ThinkTemplate.class.php 第 399 行.
NOTIC: [2] preg_replace(): The /e modifier is no longer supported, use preg_replace_callback instead C:\xampp\htdocs\first\ThinkPHP\Lib\Template\ThinkTemplate.class.php 第 399 行.
NOTIC: [2] preg_replace(): The /e modifier is no longer supported, use preg_replace_callback instead C:\xampp\htdocs\first\ThinkPHP\Lib\Template\ThinkTemplate.class.php 第 399 行.
NOTIC: [2] preg_replace(): The /e modifier is no longer supported, use preg_replace_callback instead C:\xampp\htdocs\first\ThinkPHP\Lib\Template\ThinkTemplate.class.php 第 399 行.
NOTIC: [2] preg_replace(): The /e modifier is no longer supported, use preg_replace_callback instead C:\xampp\htdocs\first\ThinkPHP\Lib\Template\ThinkTemplate.class.php 第 404 行.
NOTIC: [2] preg_replace(): The /e modifier is no longer supported, use preg_replace_callback instead C:\xampp\htdocs\first\ThinkPHP\Lib\Template\ThinkTemplate.class.php 第 404 行.
NOTIC: [2] preg_replace(): The /e modifier is no longer supported, use preg_replace_callback instead C:\xampp\htdocs\first\ThinkPHP\Lib\Template\ThinkTemplate.class.php 第 404 行.
NOTIC: [2] preg_replace(): The /e modifier is no longer supported, use preg_replace_callback instead C:\xampp\htdocs\first\ThinkPHP\Lib\Template\ThinkTemplate.class.php 第 197 行.
NOTIC: [2] preg_replace(): The /e modifier is no longer supported, use preg_replace_callback instead C:\xampp\htdocs\first\ThinkPHP\Lib\Template\ThinkTemplate.class.php 第 137 行.
INFO: ParseTemplate Behavior ::run [ RunTime:0.010000s ]
INFO: [ view_parse ] --END-- [ RunTime:0.010000s ]
INFO: [ view_filter ] --START--
INFO: ContentReplace Behavior ::run [ RunTime:0.001000s ]
INFO: TokenBuild Behavior ::run [ RunTime:0.000000s ]
INFO: WriteHtmlCache Behavior ::run [ RunTime:0.000000s ]
INFO: ShowRuntime Behavior ::run [ RunTime:0.001000s ]
INFO: [ view_filter ] --END-- [ RunTime:0.002000s ]
INFO: [ view_end ] --START--
INFO: ShowPageTrace Behavior ::run [ RunTime:0.002000s ]
INFO: [ view_end ] --END-- [ RunTime:0.002000s ]

[ 2017-09-08T16:08:32+08:00 ] 127.0.0.1 /admin.php
INFO: [ app_begin ] --START--
INFO: ReadHtmlCache Behavior ::run [ RunTime:0.001000s ]
INFO: [ app_begin ] --END-- [ RunTime:0.001000s ]
INFO: [ view_parse ] --START--
NOTIC: [2] preg_replace(): The /e modifier is no longer supported, use preg_replace_callback instead C:\xampp\htdocs\first\ThinkPHP\Lib\Template\ThinkTemplate.class.php 第 273 行.
NOTIC: [2] preg_replace(): The /e modifier is no longer supported, use preg_replace_callback instead C:\xampp\htdocs\first\ThinkPHP\Lib\Template\ThinkTemplate.class.php 第 168 行.
NOTIC: [2] preg_replace(): The /e modifier is no longer supported, use preg_replace_callback instead C:\xampp\htdocs\first\ThinkPHP\Lib\Template\ThinkTemplate.class.php 第 404 行.
NOTIC: [2] preg_replace(): The /e modifier is no longer supported, use preg_replace_callback instead C:\xampp\htdocs\first\ThinkPHP\Lib\Template\ThinkTemplate.class.php 第 404 行.
NOTIC: [2] preg_replace(): The /e modifier is no longer supported, use preg_replace_callback instead C:\xampp\htdocs\first\ThinkPHP\Lib\Template\ThinkTemplate.class.php 第 404 行.
NOTIC: [2] preg_replace(): The /e modifier is no longer supported, use preg_replace_callback instead C:\xampp\htdocs\first\ThinkPHP\Lib\Template\ThinkTemplate.class.php 第 404 行.
NOTIC: [2] preg_replace(): The /e modifier is no longer supported, use preg_replace_callback instead C:\xampp\htdocs\first\ThinkPHP\Lib\Template\ThinkTemplate.class.php 第 404 行.
NOTIC: [2] preg_replace(): The /e modifier is no longer supported, use preg_replace_callback instead C:\xampp\htdocs\first\ThinkPHP\Lib\Template\ThinkTemplate.class.php 第 404 行.
NOTIC: [2] preg_replace(): The /e modifier is no longer supported, use preg_replace_callback instead C:\xampp\htdocs\first\ThinkPHP\Lib\Template\ThinkTemplate.class.php 第 404 行.
NOTIC: [2] preg_replace(): The /e modifier is no longer supported, use preg_replace_callback instead C:\xampp\htdocs\first\ThinkPHP\Lib\Template\ThinkTemplate.class.php 第 404 行.
NOTIC: [2] preg_replace(): The /e modifier is no longer supported, use preg_replace_callback instead C:\xampp\htdocs\first\ThinkPHP\Lib\Template\ThinkTemplate.class.php 第 404 行.
NOTIC: [2] preg_replace(): The /e modifier is no longer supported, use preg_replace_callback instead C:\xampp\htdocs\first\ThinkPHP\Lib\Template\ThinkTemplate.class.php 第 404 行.
NOTIC: [2] preg_replace(): The /e modifier is no longer supported, use preg_replace_callback instead C:\xampp\htdocs\first\ThinkPHP\Lib\Template\ThinkTemplate.class.php 第 404 行.
NOTIC: [2] preg_replace(): The /e modifier is no longer supported, use preg_replace_callback instead C:\xampp\htdocs\first\ThinkPHP\Lib\Template\ThinkTemplate.class.php 第 404 行.
NOTIC: [2] preg_replace(): The /e modifier is no longer supported, use preg_replace_callback instead C:\xampp\htdocs\first\ThinkPHP\Lib\Template\ThinkTemplate.class.php 第 399 行.
NOTIC: [2] preg_replace(): The /e modifier is no longer supported, use preg_replace_callback instead C:\xampp\htdocs\first\ThinkPHP\Lib\Template\ThinkTemplate.class.php 第 399 行.
NOTIC: [2] preg_replace(): The /e modifier is no longer supported, use preg_replace_callback instead C:\xampp\htdocs\first\ThinkPHP\Lib\Template\ThinkTemplate.class.php 第 404 行.
NOTIC: [2] preg_replace(): The /e modifier is no longer supported, use preg_replace_callback instead C:\xampp\htdocs\first\ThinkPHP\Lib\Template\ThinkTemplate.class.php 第 404 行.
NOTIC: [2] preg_replace(): The /e modifier is no longer supported, use preg_replace_callback instead C:\xampp\htdocs\first\ThinkPHP\Lib\Template\ThinkTemplate.class.php 第 404 行.
NOTIC: [2] preg_replace(): The /e modifier is no longer supported, use preg_replace_callback instead C:\xampp\htdocs\first\ThinkPHP\Lib\Template\ThinkTemplate.class.php 第 399 行.
NOTIC: [2] preg_replace(): The /e modifier is no longer supported, use preg_replace_callback instead C:\xampp\htdocs\first\ThinkPHP\Lib\Template\ThinkTemplate.class.php 第 404 行.
NOTIC: [2] preg_replace(): The /e modifier is no longer supported, use preg_replace_callback instead C:\xampp\htdocs\first\ThinkPHP\Lib\Template\ThinkTemplate.class.php 第 404 行.
NOTIC: [2] preg_replace(): The /e modifier is no longer supported, use preg_replace_callback instead C:\xampp\htdocs\first\ThinkPHP\Lib\Template\ThinkTemplate.class.php 第 404 行.
NOTIC: [2] preg_replace(): The /e modifier is no longer supported, use preg_replace_callback instead C:\xampp\htdocs\first\ThinkPHP\Lib\Template\ThinkTemplate.class.php 第 404 行.
NOTIC: [2] preg_replace(): The /e modifier is no longer supported, use preg_replace_callback instead C:\xampp\htdocs\first\ThinkPHP\Lib\Template\ThinkTemplate.class.php 第 404 行.
NOTIC: [2] preg_replace(): The /e modifier is no longer supported, use preg_replace_callback instead C:\xampp\htdocs\first\ThinkPHP\Lib\Template\ThinkTemplate.class.php 第 404 行.
NOTIC: [2] preg_replace(): The /e modifier is no longer supported, use preg_replace_callback instead C:\xampp\htdocs\first\ThinkPHP\Lib\Template\ThinkTemplate.class.php 第 404 行.
NOTIC: [2] preg_replace(): The /e modifier is no longer supported, use preg_replace_callback instead C:\xampp\htdocs\first\ThinkPHP\Lib\Template\ThinkTemplate.class.php 第 404 行.
NOTIC: [2] preg_replace(): The /e modifier is no longer supported, use preg_replace_callback instead C:\xampp\htdocs\first\ThinkPHP\Lib\Template\ThinkTemplate.class.php 第 404 行.
NOTIC: [2] preg_replace(): The /e modifier is no longer supported, use preg_replace_callback instead C:\xampp\htdocs\first\ThinkPHP\Lib\Template\ThinkTemplate.class.php 第 404 行.
NOTIC: [2] preg_replace(): The /e modifier is no longer supported, use preg_replace_callback instead C:\xampp\htdocs\first\ThinkPHP\Lib\Template\ThinkTemplate.class.php 第 404 行.
NOTIC: [2] preg_replace(): The /e modifier is no longer supported, use preg_replace_callback instead C:\xampp\htdocs\first\ThinkPHP\Lib\Template\ThinkTemplate.class.php 第 404 行.
NOTIC: [2] preg_replace(): The /e modifier is no longer supported, use preg_replace_callback instead C:\xampp\htdocs\first\ThinkPHP\Lib\Template\ThinkTemplate.class.php 第 404 行.
NOTIC: [2] preg_replace(): The /e modifier is no longer supported, use preg_replace_callback instead C:\xampp\htdocs\first\ThinkPHP\Lib\Template\ThinkTemplate.class.php 第 404 行.
NOTIC: [2] preg_replace(): The /e modifier is no longer supported, use preg_replace_callback instead C:\xampp\htdocs\first\ThinkPHP\Lib\Template\ThinkTemplate.class.php 第 404 行.
NOTIC: [2] preg_replace(): The /e modifier is no longer supported, use preg_replace_callback instead C:\xampp\htdocs\first\ThinkPHP\Lib\Template\ThinkTemplate.class.php 第 404 行.
NOTIC: [2] preg_replace(): The /e modifier is no longer supported, use preg_replace_callback instead C:\xampp\htdocs\first\ThinkPHP\Lib\Template\ThinkTemplate.class.php 第 404 行.
NOTIC: [2] preg_replace(): The /e modifier is no longer supported, use preg_replace_callback instead C:\xampp\htdocs\first\ThinkPHP\Lib\Template\ThinkTemplate.class.php 第 404 行.
NOTIC: [2] preg_replace(): The /e modifier is no longer supported, use preg_replace_callback instead C:\xampp\htdocs\first\ThinkPHP\Lib\Template\ThinkTemplate.class.php 第 404 行.
NOTIC: [2] preg_replace(): The /e modifier is no longer supported, use preg_replace_callback instead C:\xampp\htdocs\first\ThinkPHP\Lib\Template\ThinkTemplate.class.php 第 404 行.
NOTIC: [2] preg_replace(): The /e modifier is no longer supported, use preg_replace_callback instead C:\xampp\htdocs\first\ThinkPHP\Lib\Template\ThinkTemplate.class.php 第 404 行.
NOTIC: [2] preg_replace(): The /e modifier is no longer supported, use preg_replace_callback instead C:\xampp\htdocs\first\ThinkPHP\Lib\Template\ThinkTemplate.class.php 第 404 行.
NOTIC: [2] preg_replace(): The /e modifier is no longer supported, use preg_replace_callback instead C:\xampp\htdocs\first\ThinkPHP\Lib\Template\ThinkTemplate.class.php 第 404 行.
NOTIC: [2] preg_replace(): The /e modifier is no longer supported, use preg_replace_callback instead C:\xampp\htdocs\first\ThinkPHP\Lib\Template\ThinkTemplate.class.php 第 404 行.
NOTIC: [2] preg_replace(): The /e modifier is no longer supported, use preg_replace_callback instead C:\xampp\htdocs\first\ThinkPHP\Lib\Template\ThinkTemplate.class.php 第 404 行.
NOTIC: [2] preg_replace(): The /e modifier is no longer supported, use preg_replace_callback instead C:\xampp\htdocs\first\ThinkPHP\Lib\Template\ThinkTemplate.class.php 第 404 行.
NOTIC: [2] preg_replace(): The /e modifier is no longer supported, use preg_replace_callback instead C:\xampp\htdocs\first\ThinkPHP\Lib\Template\ThinkTemplate.class.php 第 404 行.
NOTIC: [2] preg_replace(): The /e modifier is no longer supported, use preg_replace_callback instead C:\xampp\htdocs\first\ThinkPHP\Lib\Template\ThinkTemplate.class.php 第 404 行.
NOTIC: [2] preg_replace(): The /e modifier is no longer supported, use preg_replace_callback instead C:\xampp\htdocs\first\ThinkPHP\Lib\Template\ThinkTemplate.class.php 第 404 行.
NOTIC: [2] preg_replace(): The /e modifier is no longer supported, use preg_replace_callback instead C:\xampp\htdocs\first\ThinkPHP\Lib\Template\ThinkTemplate.class.php 第 404 行.
NOTIC: [2] preg_replace(): The /e modifier is no longer supported, use preg_replace_callback instead C:\xampp\htdocs\first\ThinkPHP\Lib\Template\ThinkTemplate.class.php 第 404 行.
NOTIC: [2] preg_replace(): The /e modifier is no longer supported, use preg_replace_callback instead C:\xampp\htdocs\first\ThinkPHP\Lib\Template\ThinkTemplate.class.php 第 404 行.
NOTIC: [2] preg_replace(): The /e modifier is no longer supported, use preg_replace_callback instead C:\xampp\htdocs\first\ThinkPHP\Lib\Template\ThinkTemplate.class.php 第 404 行.
NOTIC: [2] preg_replace(): The /e modifier is no longer supported, use preg_replace_callback instead C:\xampp\htdocs\first\ThinkPHP\Lib\Template\ThinkTemplate.class.php 第 404 行.
NOTIC: [2] preg_replace(): The /e modifier is no longer supported, use preg_replace_callback instead C:\xampp\htdocs\first\ThinkPHP\Lib\Template\ThinkTemplate.class.php 第 404 行.
NOTIC: [2] preg_replace(): The /e modifier is no longer supported, use preg_replace_callback instead C:\xampp\htdocs\first\ThinkPHP\Lib\Template\ThinkTemplate.class.php 第 404 行.
NOTIC: [2] preg_replace(): The /e modifier is no longer supported, use preg_replace_callback instead C:\xampp\htdocs\first\ThinkPHP\Lib\Template\ThinkTemplate.class.php 第 404 行.
NOTIC: [2] preg_replace(): The /e modifier is no longer supported, use preg_replace_callback instead C:\xampp\htdocs\first\ThinkPHP\Lib\Template\ThinkTemplate.class.php 第 404 行.
NOTIC: [2] preg_replace(): The /e modifier is no longer supported, use preg_replace_callback instead C:\xampp\htdocs\first\ThinkPHP\Lib\Template\ThinkTemplate.class.php 第 404 行.
NOTIC: [2] preg_replace(): The /e modifier is no longer supported, use preg_replace_callback instead C:\xampp\htdocs\first\ThinkPHP\Lib\Template\ThinkTemplate.class.php 第 404 行.
NOTIC: [2] preg_replace(): The /e modifier is no longer supported, use preg_replace_callback instead C:\xampp\htdocs\first\ThinkPHP\Lib\Template\ThinkTemplate.class.php 第 404 行.
NOTIC: [2] preg_replace(): The /e modifier is no longer supported, use preg_replace_callback instead C:\xampp\htdocs\first\ThinkPHP\Lib\Template\ThinkTemplate.class.php 第 404 行.
NOTIC: [2] preg_replace(): The /e modifier is no longer supported, use preg_replace_callback instead C:\xampp\htdocs\first\ThinkPHP\Lib\Template\ThinkTemplate.class.php 第 404 行.
NOTIC: [2] preg_replace(): The /e modifier is no longer supported, use preg_replace_callback instead C:\xampp\htdocs\first\ThinkPHP\Lib\Template\ThinkTemplate.class.php 第 404 行.
NOTIC: [2] preg_replace(): The /e modifier is no longer supported, use preg_replace_callback instead C:\xampp\htdocs\first\ThinkPHP\Lib\Template\ThinkTemplate.class.php 第 404 行.
NOTIC: [2] preg_replace(): The /e modifier is no longer supported, use preg_replace_callback instead C:\xampp\htdocs\first\ThinkPHP\Lib\Template\ThinkTemplate.class.php 第 404 行.
NOTIC: [2] preg_replace(): The /e modifier is no longer supported, use preg_replace_callback instead C:\xampp\htdocs\first\ThinkPHP\Lib\Template\ThinkTemplate.class.php 第 404 行.
NOTIC: [2] preg_replace(): The /e modifier is no longer supported, use preg_replace_callback instead C:\xampp\htdocs\first\ThinkPHP\Lib\Template\ThinkTemplate.class.php 第 404 行.
NOTIC: [2] preg_replace(): The /e modifier is no longer supported, use preg_replace_callback instead C:\xampp\htdocs\first\ThinkPHP\Lib\Template\ThinkTemplate.class.php 第 404 行.
NOTIC: [2] preg_replace(): The /e modifier is no longer supported, use preg_replace_callback instead C:\xampp\htdocs\first\ThinkPHP\Lib\Template\ThinkTemplate.class.php 第 404 行.
NOTIC: [2] preg_replace(): The /e modifier is no longer supported, use preg_replace_callback instead C:\xampp\htdocs\first\ThinkPHP\Lib\Template\ThinkTemplate.class.php 第 404 行.
NOTIC: [2] preg_replace(): The /e modifier is no longer supported, use preg_replace_callback instead C:\xampp\htdocs\first\ThinkPHP\Lib\Template\ThinkTemplate.class.php 第 404 行.
NOTIC: [2] preg_replace(): The /e modifier is no longer supported, use preg_replace_callback instead C:\xampp\htdocs\first\ThinkPHP\Lib\Template\ThinkTemplate.class.php 第 404 行.
NOTIC: [2] preg_replace(): The /e modifier is no longer supported, use preg_replace_callback instead C:\xampp\htdocs\first\ThinkPHP\Lib\Template\ThinkTemplate.class.php 第 404 行.
NOTIC: [2] preg_replace(): The /e modifier is no longer supported, use preg_replace_callback instead C:\xampp\htdocs\first\ThinkPHP\Lib\Template\ThinkTemplate.class.php 第 404 行.
NOTIC: [2] preg_replace(): The /e modifier is no longer supported, use preg_replace_callback instead C:\xampp\htdocs\first\ThinkPHP\Lib\Template\ThinkTemplate.class.php 第 404 行.
NOTIC: [2] preg_replace(): The /e modifier is no longer supported, use preg_replace_callback instead C:\xampp\htdocs\first\ThinkPHP\Lib\Template\ThinkTemplate.class.php 第 404 行.
NOTIC: [2] preg_replace(): The /e modifier is no longer supported, use preg_replace_callback instead C:\xampp\htdocs\first\ThinkPHP\Lib\Template\ThinkTemplate.class.php 第 404 行.
NOTIC: [2] preg_replace(): The /e modifier is no longer supported, use preg_replace_callback instead C:\xampp\htdocs\first\ThinkPHP\Lib\Template\ThinkTemplate.class.php 第 404 行.
NOTIC: [2] preg_replace(): The /e modifier is no longer supported, use preg_replace_callback instead C:\xampp\htdocs\first\ThinkPHP\Lib\Template\ThinkTemplate.class.php 第 404 行.
NOTIC: [2] preg_replace(): The /e modifier is no longer supported, use preg_replace_callback instead C:\xampp\htdocs\first\ThinkPHP\Lib\Template\ThinkTemplate.class.php 第 404 行.
NOTIC: [2] preg_replace(): The /e modifier is no longer supported, use preg_replace_callback instead C:\xampp\htdocs\first\ThinkPHP\Lib\Template\ThinkTemplate.class.php 第 404 行.
NOTIC: [2] preg_replace(): The /e modifier is no longer supported, use preg_replace_callback instead C:\xampp\htdocs\first\ThinkPHP\Lib\Template\ThinkTemplate.class.php 第 404 行.
NOTIC: [2] preg_replace(): The /e modifier is no longer supported, use preg_replace_callback instead C:\xampp\htdocs\first\ThinkPHP\Lib\Template\ThinkTemplate.class.php 第 404 行.
NOTIC: [2] preg_replace(): The /e modifier is no longer supported, use preg_replace_callback instead C:\xampp\htdocs\first\ThinkPHP\Lib\Template\ThinkTemplate.class.php 第 404 行.
NOTIC: [2] preg_replace(): The /e modifier is no longer supported, use preg_replace_callback instead C:\xampp\htdocs\first\ThinkPHP\Lib\Template\ThinkTemplate.class.php 第 404 行.
NOTIC: [2] preg_replace(): The /e modifier is no longer supported, use preg_replace_callback instead C:\xampp\htdocs\first\ThinkPHP\Lib\Template\ThinkTemplate.class.php 第 399 行.
NOTIC: [2] preg_replace(): The /e modifier is no longer supported, use preg_replace_callback instead C:\xampp\htdocs\first\ThinkPHP\Lib\Template\ThinkTemplate.class.php 第 399 行.
NOTIC: [2] preg_replace(): The /e modifier is no longer supported, use preg_replace_callback instead C:\xampp\htdocs\first\ThinkPHP\Lib\Template\ThinkTemplate.class.php 第 399 行.
NOTIC: [2] preg_replace(): The /e modifier is no longer supported, use preg_replace_callback instead C:\xampp\htdocs\first\ThinkPHP\Lib\Template\ThinkTemplate.class.php 第 399 行.
NOTIC: [2] preg_replace(): The /e modifier is no longer supported, use preg_replace_callback instead C:\xampp\htdocs\first\ThinkPHP\Lib\Template\ThinkTemplate.class.php 第 399 行.
NOTIC: [2] preg_replace(): The /e modifier is no longer supported, use preg_replace_callback instead C:\xampp\htdocs\first\ThinkPHP\Lib\Template\ThinkTemplate.class.php 第 399 行.
NOTIC: [2] preg_replace(): The /e modifier is no longer supported, use preg_replace_callback instead C:\xampp\htdocs\first\ThinkPHP\Lib\Template\ThinkTemplate.class.php 第 404 行.
NOTIC: [2] preg_replace(): The /e modifier is no longer supported, use preg_replace_callback instead C:\xampp\htdocs\first\ThinkPHP\Lib\Template\ThinkTemplate.class.php 第 404 行.
NOTIC: [2] preg_replace(): The /e modifier is no longer supported, use preg_replace_callback instead C:\xampp\htdocs\first\ThinkPHP\Lib\Template\ThinkTemplate.class.php 第 404 行.
NOTIC: [2] preg_replace(): The /e modifier is no longer supported, use preg_replace_callback instead C:\xampp\htdocs\first\ThinkPHP\Lib\Template\ThinkTemplate.class.php 第 197 行.
NOTIC: [2] preg_replace(): The /e modifier is no longer supported, use preg_replace_callback instead C:\xampp\htdocs\first\ThinkPHP\Lib\Template\ThinkTemplate.class.php 第 137 行.
INFO: ParseTemplate Behavior ::run [ RunTime:0.012001s ]
INFO: [ view_parse ] --END-- [ RunTime:0.013001s ]
INFO: [ view_filter ] --START--
INFO: ContentReplace Behavior ::run [ RunTime:0.000000s ]
INFO: TokenBuild Behavior ::run [ RunTime:0.001000s ]
INFO: WriteHtmlCache Behavior ::run [ RunTime:0.000000s ]
INFO: ShowRuntime Behavior ::run [ RunTime:0.001000s ]
INFO: [ view_filter ] --END-- [ RunTime:0.002000s ]
INFO: [ view_end ] --START--
INFO: ShowPageTrace Behavior ::run [ RunTime:0.001000s ]
INFO: [ view_end ] --END-- [ RunTime:0.001000s ]

